[1m============================= test session starts ==============================[0m
platform linux -- Python 3.10.6, pytest-6.2.5, py-1.10.0, pluggy-0.13.0
cachedir: /home/amruth/Documents/git/ros_ws/WS/build/my_py_pkg/.pytest_cache
rootdir: /home/amruth/Documents/git/ros_ws/WS/src/my_py_pkg
plugins: ament-lint-0.12.6, ament-copyright-0.12.6, ament-pep257-0.12.6, ament-flake8-0.12.6, launch-testing-1.0.4, launch-testing-ros-0.19.4, ament-xmllint-0.12.6, colcon-core-0.15.0, cov-3.0.0
[1mcollecting ... [0m[1m
collected 3 items                                                              [0m

test/test_copyright.py [33ms[0m[32m                                                 [ 33%][0m
test/test_flake8.py [31mF[0m[31m                                                    [ 66%][0m
test/test_pep257.py [32m.[0m[31m                                                    [100%][0m

=================================== FAILURES ===================================
[31m[1m_________________________________ test_flake8 __________________________________[0m
[1m[31mtest/test_flake8.py[0m:23: in test_flake8
    [94massert[39;49;00m rc == [94m0[39;49;00m, \
[1m[31mE   AssertionError: Found 22 code style errors / warnings:[0m
[1m[31mE     ./my_py_pkg/first_node.py:5:1: E302 expected 2 blank lines, found 1[0m
[1m[31mE     ./my_py_pkg/first_node.py:5:14: E251 unexpected spaces around keyword / parameter equals[0m
[1m[31mE     ./my_py_pkg/first_node.py:5:16: E251 unexpected spaces around keyword / parameter equals[0m
[1m[31mE     ./my_py_pkg/first_node.py:14:11: W292 no newline at end of file[0m
[1m[31mE     ./my_py_pkg/robot_news_station.py:5:1: E302 expected 2 blank lines, found 1[0m
[1m[31mE     ./my_py_pkg/robot_news_station.py:10:1: E302 expected 2 blank lines, found 1[0m
[1m[31mE     ./my_py_pkg/robot_news_station.py:10:14: E251 unexpected spaces around keyword / parameter equals[0m
[1m[31mE     ./my_py_pkg/robot_news_station.py:10:16: E251 unexpected spaces around keyword / parameter equals[0m
[1m[31mE     ./my_py_pkg/robot_news_station.py:16:1: E305 expected 2 blank lines after class or function definition, found 1[0m
[1m[31mE     ./my_py_pkg/robot_news_station.py:17:11: W292 no newline at end of file[0m
[1m[31mE     ./my_py_pkg/second_node.py:6:1: E302 expected 2 blank lines, found 1[0m
[1m[31mE     ./my_py_pkg/second_node.py:12:53: E231 missing whitespace after ','[0m
[1m[31mE     ./my_py_pkg/second_node.py:13:30: E231 missing whitespace after ','[0m
[1m[31mE     ./my_py_pkg/second_node.py:14:1: W293 blank line contains whitespace[0m
[1m[31mE     ./my_py_pkg/second_node.py:16:21: E225 missing whitespace around operator[0m
[1m[31mE     ./my_py_pkg/second_node.py:20:14: E251 unexpected spaces around keyword / parameter equals[0m
[1m[31mE     ./my_py_pkg/second_node.py:20:16: E251 unexpected spaces around keyword / parameter equals[0m
[1m[31mE     ./my_py_pkg/second_node.py:21:20: E251 unexpected spaces around keyword / parameter equals[0m
[1m[31mE     ./my_py_pkg/second_node.py:21:22: E251 unexpected spaces around keyword / parameter equals[0m
[1m[31mE     ./my_py_pkg/second_node.py:22:1: W293 blank line contains whitespace[0m
[1m[31mE     ./my_py_pkg/second_node.py:24:1: W293 blank line contains whitespace[0m
[1m[31mE     ./my_py_pkg/second_node.py:28:1: E305 expected 2 blank lines after class or function definition, found 1[0m
[1m[31mE   assert 1 == 0[0m
----------------------------- Captured stdout call -----------------------------

./my_py_pkg/first_node.py:5:1: E302 expected 2 blank lines, found 1
def main(args = None):
^

./my_py_pkg/first_node.py:5:14: E251 unexpected spaces around keyword / parameter equals
def main(args = None):
             ^

./my_py_pkg/first_node.py:5:16: E251 unexpected spaces around keyword / parameter equals
def main(args = None):
               ^

./my_py_pkg/first_node.py:14:11: W292 no newline at end of file
    main()          ^

./my_py_pkg/robot_news_station.py:5:1: E302 expected 2 blank lines, found 1
class RobotNewsStation(Node):
^

./my_py_pkg/robot_news_station.py:10:1: E302 expected 2 blank lines, found 1
def main(args = None):
^

./my_py_pkg/robot_news_station.py:10:14: E251 unexpected spaces around keyword / parameter equals
def main(args = None):
             ^

./my_py_pkg/robot_news_station.py:10:16: E251 unexpected spaces around keyword / parameter equals
def main(args = None):
               ^

./my_py_pkg/robot_news_station.py:16:1: E305 expected 2 blank lines after class or function definition, found 1
if __name__ == "main":
^

./my_py_pkg/robot_news_station.py:17:11: W292 no newline at end of file
    main()          ^

./my_py_pkg/second_node.py:6:1: E302 expected 2 blank lines, found 1
class My_Node(Node):
^

./my_py_pkg/second_node.py:12:53: E231 missing whitespace after ','
        self.get_logger().log("this is from the log",rclpy.logging.LoggingSeverity.ERROR)
                                                    ^

./my_py_pkg/second_node.py:13:30: E231 missing whitespace after ','
        self.create_timer(1.0,self.timer_callback)
                             ^

./my_py_pkg/second_node.py:14:1: W293 blank line contains whitespace
    
^

./my_py_pkg/second_node.py:16:21: E225 missing whitespace around operator
        self.counter+=1
                    ^

./my_py_pkg/second_node.py:20:14: E251 unexpected spaces around keyword / parameter equals
def main(args = None):
             ^

./my_py_pkg/second_node.py:20:16: E251 unexpected spaces around keyword / parameter equals
def main(args = None):
               ^

./my_py_pkg/second_node.py:21:20: E251 unexpected spaces around keyword / parameter equals
    rclpy.init(args = args)
                   ^

./my_py_pkg/second_node.py:21:22: E251 unexpected spaces around keyword / parameter equals
    rclpy.init(args = args)
                     ^

./my_py_pkg/second_node.py:22:1: W293 blank line contains whitespace
    
^

./my_py_pkg/second_node.py:24:1: W293 blank line contains whitespace
    
^

./my_py_pkg/second_node.py:28:1: E305 expected 2 blank lines after class or function definition, found 1
if __name__ == ("__main__"):
^

1     E225 missing whitespace around operator
2     E231 missing whitespace after ','
8     E251 unexpected spaces around keyword / parameter equals
4     E302 expected 2 blank lines, found 1
2     E305 expected 2 blank lines after class or function definition, found 1
2     W292 no newline at end of file
3     W293 blank line contains whitespace

8 files checked
22 errors

'E'-type errors: 17
'W'-type errors: 5

Checked files:

* ./setup.py
* ./my_py_pkg/first_node.py
* ./my_py_pkg/__init__.py
* ./my_py_pkg/robot_news_station.py
* ./my_py_pkg/second_node.py
* ./test/test_flake8.py
* ./test/test_copyright.py
* ./test/test_pep257.py
----------------------------- Captured stderr call -----------------------------
option --max-complexity: please update from optparse string `type=` to argparse callable `type=` -- this will be an error in the future
- generated xml file: /home/amruth/Documents/git/ros_ws/WS/build/my_py_pkg/pytest.xml -
=========================== short test summary info ============================
FAILED test/test_flake8.py::test_flake8 - AssertionError: Found 22 code style...
[31m============== [31m[1m1 failed[0m, [32m1 passed[0m, [33m1 skipped[0m, [33m2 warnings[0m[31m in 0.23s[0m[31m ==============[0m
[33m=============================== warnings summary ===============================[0m
test/test_flake8.py::test_flake8
test/test_flake8.py::test_flake8
  Warning: SelectableGroups dict interface is deprecated. Use select.

-- Docs: https://docs.pytest.org/en/stable/warnings.html
