[0.315s] Invoking command in '/home/amruth/Documents/git/ros_ws/WS/src/my_py_pkg': PYTEST_ADDOPTS=--tb=short --junit-xml=/home/amruth/Documents/git/ros_ws/WS/build/my_py_pkg/pytest.xml --junit-prefix=my_py_pkg -o cache_dir=/home/amruth/Documents/git/ros_ws/WS/build/my_py_pkg/.pytest_cache /usr/bin/python3 -m pytest
[0.576s] [1m============================= test session starts ==============================[0m
[0.576s] platform linux -- Python 3.10.6, pytest-6.2.5, py-1.10.0, pluggy-0.13.0
[0.579s] cachedir: /home/amruth/Documents/git/ros_ws/WS/build/my_py_pkg/.pytest_cache
[0.579s] rootdir: /home/amruth/Documents/git/ros_ws/WS/src/my_py_pkg
[0.580s] plugins: ament-lint-0.12.6, ament-copyright-0.12.6, ament-pep257-0.12.6, ament-flake8-0.12.6, launch-testing-1.0.4, launch-testing-ros-0.19.4, ament-xmllint-0.12.6, colcon-core-0.15.0, cov-3.0.0
[0.649s] [1mcollecting ... [0m[1m
[0.649s] collected 3 items                                                              [0m
[0.649s] 
[0.655s] test/test_copyright.py [33ms[0m[32m                                                 [ 33%][0m
[0.756s] test/test_flake8.py [31mF[0m[31m                                                    [ 66%][0m
[0.774s] test/test_pep257.py [32m.[0m[31m                                                    [100%][0m
[0.774s] 
[0.774s] =================================== FAILURES ===================================
[0.774s] [31m[1m_________________________________ test_flake8 __________________________________[0m
[0.774s] [1m[31mtest/test_flake8.py[0m:23: in test_flake8
[0.806s]     [94massert[39;49;00m rc == [94m0[39;49;00m, \
[0.806s] [1m[31mE   AssertionError: Found 22 code style errors / warnings:[0m
[0.806s] [1m[31mE     ./my_py_pkg/first_node.py:5:1: E302 expected 2 blank lines, found 1[0m
[0.807s] [1m[31mE     ./my_py_pkg/first_node.py:5:14: E251 unexpected spaces around keyword / parameter equals[0m
[0.807s] [1m[31mE     ./my_py_pkg/first_node.py:5:16: E251 unexpected spaces around keyword / parameter equals[0m
[0.807s] [1m[31mE     ./my_py_pkg/first_node.py:14:11: W292 no newline at end of file[0m
[0.807s] [1m[31mE     ./my_py_pkg/robot_news_station.py:5:1: E302 expected 2 blank lines, found 1[0m
[0.807s] [1m[31mE     ./my_py_pkg/robot_news_station.py:10:1: E302 expected 2 blank lines, found 1[0m
[0.807s] [1m[31mE     ./my_py_pkg/robot_news_station.py:10:14: E251 unexpected spaces around keyword / parameter equals[0m
[0.807s] [1m[31mE     ./my_py_pkg/robot_news_station.py:10:16: E251 unexpected spaces around keyword / parameter equals[0m
[0.807s] [1m[31mE     ./my_py_pkg/robot_news_station.py:16:1: E305 expected 2 blank lines after class or function definition, found 1[0m
[0.808s] [1m[31mE     ./my_py_pkg/robot_news_station.py:17:11: W292 no newline at end of file[0m
[0.808s] [1m[31mE     ./my_py_pkg/second_node.py:6:1: E302 expected 2 blank lines, found 1[0m
[0.808s] [1m[31mE     ./my_py_pkg/second_node.py:12:53: E231 missing whitespace after ','[0m
[0.808s] [1m[31mE     ./my_py_pkg/second_node.py:13:30: E231 missing whitespace after ','[0m
[0.808s] [1m[31mE     ./my_py_pkg/second_node.py:14:1: W293 blank line contains whitespace[0m
[0.808s] [1m[31mE     ./my_py_pkg/second_node.py:16:21: E225 missing whitespace around operator[0m
[0.808s] [1m[31mE     ./my_py_pkg/second_node.py:20:14: E251 unexpected spaces around keyword / parameter equals[0m
[0.808s] [1m[31mE     ./my_py_pkg/second_node.py:20:16: E251 unexpected spaces around keyword / parameter equals[0m
[0.808s] [1m[31mE     ./my_py_pkg/second_node.py:21:20: E251 unexpected spaces around keyword / parameter equals[0m
[0.808s] [1m[31mE     ./my_py_pkg/second_node.py:21:22: E251 unexpected spaces around keyword / parameter equals[0m
[0.808s] [1m[31mE     ./my_py_pkg/second_node.py:22:1: W293 blank line contains whitespace[0m
[0.808s] [1m[31mE     ./my_py_pkg/second_node.py:24:1: W293 blank line contains whitespace[0m
[0.809s] [1m[31mE     ./my_py_pkg/second_node.py:28:1: E305 expected 2 blank lines after class or function definition, found 1[0m
[0.809s] [1m[31mE   assert 1 == 0[0m
[0.809s] ----------------------------- Captured stdout call -----------------------------
[0.809s] 
[0.809s] ./my_py_pkg/first_node.py:5:1: E302 expected 2 blank lines, found 1
[0.809s] def main(args = None):
[0.809s] ^
[0.809s] 
[0.809s] ./my_py_pkg/first_node.py:5:14: E251 unexpected spaces around keyword / parameter equals
[0.809s] def main(args = None):
[0.809s]              ^
[0.809s] 
[0.809s] ./my_py_pkg/first_node.py:5:16: E251 unexpected spaces around keyword / parameter equals
[0.809s] def main(args = None):
[0.809s]                ^
[0.809s] 
[0.809s] ./my_py_pkg/first_node.py:14:11: W292 no newline at end of file
[0.809s]     main()          ^
[0.809s] 
[0.809s] ./my_py_pkg/robot_news_station.py:5:1: E302 expected 2 blank lines, found 1
[0.810s] class RobotNewsStation(Node):
[0.810s] ^
[0.810s] 
[0.810s] ./my_py_pkg/robot_news_station.py:10:1: E302 expected 2 blank lines, found 1
[0.810s] def main(args = None):
[0.810s] ^
[0.810s] 
[0.810s] ./my_py_pkg/robot_news_station.py:10:14: E251 unexpected spaces around keyword / parameter equals
[0.810s] def main(args = None):
[0.810s]              ^
[0.810s] 
[0.810s] ./my_py_pkg/robot_news_station.py:10:16: E251 unexpected spaces around keyword / parameter equals
[0.810s] def main(args = None):
[0.810s]                ^
[0.810s] 
[0.810s] ./my_py_pkg/robot_news_station.py:16:1: E305 expected 2 blank lines after class or function definition, found 1
[0.810s] if __name__ == "main":
[0.810s] ^
[0.810s] 
[0.810s] ./my_py_pkg/robot_news_station.py:17:11: W292 no newline at end of file
[0.810s]     main()          ^
[0.811s] 
[0.811s] ./my_py_pkg/second_node.py:6:1: E302 expected 2 blank lines, found 1
[0.811s] class My_Node(Node):
[0.811s] ^
[0.811s] 
[0.811s] ./my_py_pkg/second_node.py:12:53: E231 missing whitespace after ','
[0.811s]         self.get_logger().log("this is from the log",rclpy.logging.LoggingSeverity.ERROR)
[0.811s]                                                     ^
[0.811s] 
[0.811s] ./my_py_pkg/second_node.py:13:30: E231 missing whitespace after ','
[0.811s]         self.create_timer(1.0,self.timer_callback)
[0.811s]                              ^
[0.811s] 
[0.811s] ./my_py_pkg/second_node.py:14:1: W293 blank line contains whitespace
[0.811s]     
[0.811s] ^
[0.811s] 
[0.811s] ./my_py_pkg/second_node.py:16:21: E225 missing whitespace around operator
[0.811s]         self.counter+=1
[0.811s]                     ^
[0.812s] 
[0.812s] ./my_py_pkg/second_node.py:20:14: E251 unexpected spaces around keyword / parameter equals
[0.812s] def main(args = None):
[0.812s]              ^
[0.812s] 
[0.812s] ./my_py_pkg/second_node.py:20:16: E251 unexpected spaces around keyword / parameter equals
[0.812s] def main(args = None):
[0.812s]                ^
[0.812s] 
[0.812s] ./my_py_pkg/second_node.py:21:20: E251 unexpected spaces around keyword / parameter equals
[0.812s]     rclpy.init(args = args)
[0.812s]                    ^
[0.812s] 
[0.812s] ./my_py_pkg/second_node.py:21:22: E251 unexpected spaces around keyword / parameter equals
[0.812s]     rclpy.init(args = args)
[0.812s]                      ^
[0.812s] 
[0.812s] ./my_py_pkg/second_node.py:22:1: W293 blank line contains whitespace
[0.812s]     
[0.812s] ^
[0.812s] 
[0.813s] ./my_py_pkg/second_node.py:24:1: W293 blank line contains whitespace
[0.813s]     
[0.813s] ^
[0.813s] 
[0.813s] ./my_py_pkg/second_node.py:28:1: E305 expected 2 blank lines after class or function definition, found 1
[0.813s] if __name__ == ("__main__"):
[0.813s] ^
[0.813s] 
[0.813s] 1     E225 missing whitespace around operator
[0.813s] 2     E231 missing whitespace after ','
[0.813s] 8     E251 unexpected spaces around keyword / parameter equals
[0.813s] 4     E302 expected 2 blank lines, found 1
[0.813s] 2     E305 expected 2 blank lines after class or function definition, found 1
[0.813s] 2     W292 no newline at end of file
[0.813s] 3     W293 blank line contains whitespace
[0.813s] 
[0.813s] 8 files checked
[0.813s] 22 errors
[0.813s] 
[0.813s] 'E'-type errors: 17
[0.813s] 'W'-type errors: 5
[0.814s] 
[0.814s] Checked files:
[0.814s] 
[0.814s] * ./setup.py
[0.814s] * ./my_py_pkg/first_node.py
[0.814s] * ./my_py_pkg/__init__.py
[0.814s] * ./my_py_pkg/robot_news_station.py
[0.814s] * ./my_py_pkg/second_node.py
[0.814s] * ./test/test_flake8.py
[0.814s] * ./test/test_copyright.py
[0.814s] * ./test/test_pep257.py
[0.814s] ----------------------------- Captured stderr call -----------------------------
[0.814s] option --max-complexity: please update from optparse string `type=` to argparse callable `type=` -- this will be an error in the future
[0.814s] - generated xml file: /home/amruth/Documents/git/ros_ws/WS/build/my_py_pkg/pytest.xml -
[0.814s] =========================== short test summary info ============================
[0.814s] FAILED test/test_flake8.py::test_flake8 - AssertionError: Found 22 code style...
[0.814s] [31m============== [31m[1m1 failed[0m, [32m1 passed[0m, [33m1 skipped[0m, [33m2 warnings[0m[31m in 0.23s[0m[31m ==============[0m
[0.814s] [33m=============================== warnings summary ===============================[0m
[0.814s] test/test_flake8.py::test_flake8
[0.814s] test/test_flake8.py::test_flake8
[0.815s]   Warning: SelectableGroups dict interface is deprecated. Use select.
[0.815s] 
[0.815s] -- Docs: https://docs.pytest.org/en/stable/warnings.html
[0.897s] Invoked command in '/home/amruth/Documents/git/ros_ws/WS/src/my_py_pkg' returned '1': PYTEST_ADDOPTS=--tb=short --junit-xml=/home/amruth/Documents/git/ros_ws/WS/build/my_py_pkg/pytest.xml --junit-prefix=my_py_pkg -o cache_dir=/home/amruth/Documents/git/ros_ws/WS/build/my_py_pkg/.pytest_cache /usr/bin/python3 -m pytest
