[0.039s] Invoking command in '/home/ros_ws/build/batt_led': CMAKE_PREFIX_PATH=/home/ros_ws/install/bat_led_interfaces:/home/ros_ws/install/batt_led:/home/ros_ws/install/my_robot_interfaces:/home/ros_ws/install/my_cpp_pkg:/home/ros_ws/install/my_py_pkg:/opt/ros/foxy /usr/bin/cmake --build /home/ros_ws/build/batt_led -- -j16 -l16
[0.079s] [35m[1mScanning dependencies of target led_pannel[0m
[0.104s] [ 50%] Built target battery
[0.110s] [ 75%] [32mBuilding CXX object CMakeFiles/led_pannel.dir/src/led_pannel.cpp.o[0m
[1.147s] [01m[K/home/ros_ws/src/batt_led/src/led_pannel.cpp:[m[K In member function â€˜[01m[Kvoid LedPannelServerNode::publishLedStates()[m[Kâ€™:
[1.147s] [01m[K/home/ros_ws/src/batt_led/src/led_pannel.cpp:38:45:[m[K [01;31m[Kerror: [m[Kâ€˜[01m[Kled_state_array[m[Kâ€™ is not a member of â€˜[01m[Kbat_led_interfaces::msg[m[Kâ€™; did you mean â€˜[01m[KLedStateArray[m[Kâ€™?
[1.148s]    38 |         auto msg = bat_led_interfaces::msg::[01;31m[Kled_state_array[m[K();
[1.148s]       |                                             [01;31m[K^~~~~~~~~~~~~~~[m[K
[1.148s]       |                                             [32m[KLedStateArray[m[K
[1.942s] make[2]: *** [CMakeFiles/led_pannel.dir/build.make:63: CMakeFiles/led_pannel.dir/src/led_pannel.cpp.o] Error 1
[1.943s] make[1]: *** [CMakeFiles/Makefile2:80: CMakeFiles/led_pannel.dir/all] Error 2
[1.943s] make: *** [Makefile:141: all] Error 2
[1.948s] Invoked command in '/home/ros_ws/build/batt_led' returned '2': CMAKE_PREFIX_PATH=/home/ros_ws/install/bat_led_interfaces:/home/ros_ws/install/batt_led:/home/ros_ws/install/my_robot_interfaces:/home/ros_ws/install/my_cpp_pkg:/home/ros_ws/install/my_py_pkg:/opt/ros/foxy /usr/bin/cmake --build /home/ros_ws/build/batt_led -- -j16 -l16
