[0.134s] Invoking command in '/home/amruth/Documents/git/ros_ws/WS/build/my_cpp_pkg': CMAKE_PREFIX_PATH=${CMAKE_PREFIX_PATH}:/home/amruth/Documents/git/ros_ws/WS/install/my_py_pkg:/home/amruth/Documents/git/microros_ws/install/sensor_msgs_py:/opt/ros/humble /usr/bin/cmake --build /home/amruth/Documents/git/ros_ws/WS/build/my_cpp_pkg -- -j16 -l16
[0.176s] -- Found ament_cmake: 1.3.4 (/opt/ros/humble/share/ament_cmake/cmake)
[0.411s] -- Found rclcpp: 16.0.4 (/opt/ros/humble/share/rclcpp/cmake)
[0.444s] -- Found rosidl_generator_c: 3.1.4 (/opt/ros/humble/share/rosidl_generator_c/cmake)
[0.446s] -- Found rosidl_adapter: 3.1.4 (/opt/ros/humble/share/rosidl_adapter/cmake)
[0.452s] -- Found rosidl_generator_cpp: 3.1.4 (/opt/ros/humble/share/rosidl_generator_cpp/cmake)
[0.465s] -- Using all available rosidl_typesupport_c: rosidl_typesupport_microxrcedds_c;rosidl_typesupport_fastrtps_c;rosidl_typesupport_introspection_c
[0.487s] -- Using all available rosidl_typesupport_cpp: rosidl_typesupport_microxrcedds_cpp;rosidl_typesupport_fastrtps_cpp;rosidl_typesupport_introspection_cpp
[0.548s] -- Found rmw_implementation_cmake: 6.1.1 (/opt/ros/humble/share/rmw_implementation_cmake/cmake)
[0.551s] -- Found rmw_fastrtps_cpp: 6.2.2 (/opt/ros/humble/share/rmw_fastrtps_cpp/cmake)
[0.677s] -- Using RMW implementation 'rmw_fastrtps_cpp' as default
[0.925s] -- Configuring done
[0.939s] -- Generating done
[0.941s] -- Build files have been written to: /home/amruth/Documents/git/ros_ws/WS/build/my_cpp_pkg
[0.967s] [35m[1mConsolidate compiler generated dependencies of target cpp_node_2[0m
[0.967s] [35m[1mConsolidate compiler generated dependencies of target cpp_node_1[0m
[0.978s] [ 16%] [32mBuilding CXX object CMakeFiles/cpp_node_3.dir/src/third_node.cpp.o[0m
[0.985s] [ 50%] Built target cpp_node_1
[0.990s] [ 66%] [32mBuilding CXX object CMakeFiles/cpp_node_2.dir/src/second_node.cpp.o[0m
[1.013s] [01m[K/home/amruth/Documents/git/ros_ws/WS/src/my_cpp_pkg/src/third_node.cpp:2:10:[m[K [01;31m[Kfatal error: [m[Krclcpp/rclcpp.hpp: No such file or directory
[1.013s]     2 | #include [01;31m[K"rclcpp/rclcpp.hpp"[m[K
[1.013s]       |          [01;31m[K^~~~~~~~~~~~~~~~~~~[m[K
[1.013s] compilation terminated.
[1.014s] gmake[2]: *** [CMakeFiles/cpp_node_3.dir/build.make:76: CMakeFiles/cpp_node_3.dir/src/third_node.cpp.o] Error 1
[1.014s] gmake[1]: *** [CMakeFiles/Makefile2:193: CMakeFiles/cpp_node_3.dir/all] Error 2
[1.014s] gmake[1]: *** Waiting for unfinished jobs....
[2.819s] [01m[K/home/amruth/Documents/git/ros_ws/WS/src/my_cpp_pkg/src/second_node.cpp:14:9:[m[K [01;31m[Kerror: [m[Knon-static data member declared with placeholder â€˜[01m[Kauto[m[Kâ€™
[2.819s]    14 |         [01;31m[Kauto[m[K timer_call = this->create_wall_timer(100, this->publish_data());
[2.819s]       |         [01;31m[K^~~~[m[K
[2.820s] [01m[K/home/amruth/Documents/git/ros_ws/WS/src/my_cpp_pkg/src/second_node.cpp:[m[K In member function â€˜[01m[Kvoid MyNode::publish_data()[m[Kâ€™:
[2.820s] [01m[K/home/amruth/Documents/git/ros_ws/WS/src/my_cpp_pkg/src/second_node.cpp:15:64:[m[K [01;31m[Kerror: [m[Kexpected â€˜[01m[K;[m[Kâ€™ before â€˜[01m[K}[m[Kâ€™ token
[2.820s]    15 |         void publish_data(){std::cout <<"timer is called"<<endl[01;31m[K}[m[K;
[2.820s]       |                                                                [01;31m[K^[m[K
[3.182s] gmake[2]: *** [CMakeFiles/cpp_node_2.dir/build.make:76: CMakeFiles/cpp_node_2.dir/src/second_node.cpp.o] Error 1
[3.182s] gmake[1]: *** [CMakeFiles/Makefile2:167: CMakeFiles/cpp_node_2.dir/all] Error 2
[3.182s] gmake: *** [Makefile:146: all] Error 2
[3.185s] Invoked command in '/home/amruth/Documents/git/ros_ws/WS/build/my_cpp_pkg' returned '2': CMAKE_PREFIX_PATH=${CMAKE_PREFIX_PATH}:/home/amruth/Documents/git/ros_ws/WS/install/my_py_pkg:/home/amruth/Documents/git/microros_ws/install/sensor_msgs_py:/opt/ros/humble /usr/bin/cmake --build /home/amruth/Documents/git/ros_ws/WS/build/my_cpp_pkg -- -j16 -l16
