<?xml version="1.0" encoding="utf-8"?><testsuites><testsuite name="pytest" errors="0" failures="1" skipped="1" tests="3" time="0.191" timestamp="2024-01-24T12:19:28.335338" hostname="popos"><testcase classname="my_py_pkg.test.test_copyright" name="test_copyright" time="0.000"><skipped type="pytest.skip" message="No copyright header has been placed in the generated source file.">/home/amruth/Documents/git/ros_ws/WS/src/my_py_pkg/test/test_copyright.py:20: No copyright header has been placed in the generated source file.</skipped></testcase><testcase classname="my_py_pkg.test.test_flake8" name="test_flake8" time="0.074"><failure message="AssertionError: Found 22 code style errors / warnings:&#10;  ./my_py_pkg/first_node.py:5:1: E302 expected 2 blank lines, found 1&#10;  ./my_py_pkg/first_node.py:5:14: E251 unexpected spaces around keyword / parameter equals&#10;  ./my_py_pkg/first_node.py:5:16: E251 unexpected spaces around keyword / parameter equals&#10;  ./my_py_pkg/first_node.py:14:11: W292 no newline at end of file&#10;  ./my_py_pkg/robot_news_station.py:5:1: E302 expected 2 blank lines, found 1&#10;  ./my_py_pkg/robot_news_station.py:10:1: E302 expected 2 blank lines, found 1&#10;  ./my_py_pkg/robot_news_station.py:10:14: E251 unexpected spaces around keyword / parameter equals&#10;  ./my_py_pkg/robot_news_station.py:10:16: E251 unexpected spaces around keyword / parameter equals&#10;  ./my_py_pkg/robot_news_station.py:16:1: E305 expected 2 blank lines after class or function definition, found 1&#10;  ./my_py_pkg/robot_news_station.py:17:11: W292 no newline at end of file&#10;  ./my_py_pkg/second_node.py:6:1: E302 expected 2 blank lines, found 1&#10;  ./my_py_pkg/second_node.py:12:53: E231 missing whitespace after ','&#10;  ./my_py_pkg/second_node.py:13:30: E231 missing whitespace after ','&#10;  ./my_py_pkg/second_node.py:14:1: W293 blank line contains whitespace&#10;  ./my_py_pkg/second_node.py:16:21: E225 missing whitespace around operator&#10;  ./my_py_pkg/second_node.py:20:14: E251 unexpected spaces around keyword / parameter equals&#10;  ./my_py_pkg/second_node.py:20:16: E251 unexpected spaces around keyword / parameter equals&#10;  ./my_py_pkg/second_node.py:21:20: E251 unexpected spaces around keyword / parameter equals&#10;  ./my_py_pkg/second_node.py:21:22: E251 unexpected spaces around keyword / parameter equals&#10;  ./my_py_pkg/second_node.py:22:1: W293 blank line contains whitespace&#10;  ./my_py_pkg/second_node.py:24:1: W293 blank line contains whitespace&#10;  ./my_py_pkg/second_node.py:28:1: E305 expected 2 blank lines after class or function definition, found 1&#10;assert 1 == 0">test/test_flake8.py:23: in test_flake8
    assert rc == 0, \
E   AssertionError: Found 22 code style errors / warnings:
E     ./my_py_pkg/first_node.py:5:1: E302 expected 2 blank lines, found 1
E     ./my_py_pkg/first_node.py:5:14: E251 unexpected spaces around keyword / parameter equals
E     ./my_py_pkg/first_node.py:5:16: E251 unexpected spaces around keyword / parameter equals
E     ./my_py_pkg/first_node.py:14:11: W292 no newline at end of file
E     ./my_py_pkg/robot_news_station.py:5:1: E302 expected 2 blank lines, found 1
E     ./my_py_pkg/robot_news_station.py:10:1: E302 expected 2 blank lines, found 1
E     ./my_py_pkg/robot_news_station.py:10:14: E251 unexpected spaces around keyword / parameter equals
E     ./my_py_pkg/robot_news_station.py:10:16: E251 unexpected spaces around keyword / parameter equals
E     ./my_py_pkg/robot_news_station.py:16:1: E305 expected 2 blank lines after class or function definition, found 1
E     ./my_py_pkg/robot_news_station.py:17:11: W292 no newline at end of file
E     ./my_py_pkg/second_node.py:6:1: E302 expected 2 blank lines, found 1
E     ./my_py_pkg/second_node.py:12:53: E231 missing whitespace after ','
E     ./my_py_pkg/second_node.py:13:30: E231 missing whitespace after ','
E     ./my_py_pkg/second_node.py:14:1: W293 blank line contains whitespace
E     ./my_py_pkg/second_node.py:16:21: E225 missing whitespace around operator
E     ./my_py_pkg/second_node.py:20:14: E251 unexpected spaces around keyword / parameter equals
E     ./my_py_pkg/second_node.py:20:16: E251 unexpected spaces around keyword / parameter equals
E     ./my_py_pkg/second_node.py:21:20: E251 unexpected spaces around keyword / parameter equals
E     ./my_py_pkg/second_node.py:21:22: E251 unexpected spaces around keyword / parameter equals
E     ./my_py_pkg/second_node.py:22:1: W293 blank line contains whitespace
E     ./my_py_pkg/second_node.py:24:1: W293 blank line contains whitespace
E     ./my_py_pkg/second_node.py:28:1: E305 expected 2 blank lines after class or function definition, found 1
E   assert 1 == 0</failure></testcase><testcase classname="my_py_pkg.test.test_pep257" name="test_pep257" time="0.018" /></testsuite></testsuites>