[0.130s] Invoking command in '/home/amruth/Documents/git/ros_ws/WS/build/my_cpp_pkg': CMAKE_PREFIX_PATH=${CMAKE_PREFIX_PATH}:/home/amruth/Documents/git/ros_ws/WS/install/my_py_pkg:/home/amruth/Documents/git/microros_ws/install/sensor_msgs_py:/opt/ros/humble /usr/bin/cmake --build /home/amruth/Documents/git/ros_ws/WS/build/my_cpp_pkg -- -j16 -l16
[0.178s] -- Found ament_cmake: 1.3.4 (/opt/ros/humble/share/ament_cmake/cmake)
[0.332s] -- Found rclcpp: 16.0.4 (/opt/ros/humble/share/rclcpp/cmake)
[0.366s] -- Found rosidl_generator_c: 3.1.4 (/opt/ros/humble/share/rosidl_generator_c/cmake)
[0.369s] -- Found rosidl_adapter: 3.1.4 (/opt/ros/humble/share/rosidl_adapter/cmake)
[0.376s] -- Found rosidl_generator_cpp: 3.1.4 (/opt/ros/humble/share/rosidl_generator_cpp/cmake)
[0.389s] -- Using all available rosidl_typesupport_c: rosidl_typesupport_microxrcedds_c;rosidl_typesupport_fastrtps_c;rosidl_typesupport_introspection_c
[0.412s] -- Using all available rosidl_typesupport_cpp: rosidl_typesupport_microxrcedds_cpp;rosidl_typesupport_fastrtps_cpp;rosidl_typesupport_introspection_cpp
[0.477s] -- Found rmw_implementation_cmake: 6.1.1 (/opt/ros/humble/share/rmw_implementation_cmake/cmake)
[0.480s] -- Found rmw_fastrtps_cpp: 6.2.2 (/opt/ros/humble/share/rmw_fastrtps_cpp/cmake)
[0.612s] -- Using RMW implementation 'rmw_fastrtps_cpp' as default
[0.824s] -- Configuring done
[0.835s] -- Generating done
[0.836s] -- Build files have been written to: /home/amruth/Documents/git/ros_ws/WS/build/my_cpp_pkg
[0.863s] [35m[1mConsolidate compiler generated dependencies of target cpp_node_1[0m
[0.876s] [ 25%] [32mBuilding CXX object CMakeFiles/cpp_node_2.dir/src/second_node.cpp.o[0m
[0.880s] [ 50%] [32mBuilding CXX object CMakeFiles/cpp_node_1.dir/src/my_first_node.cpp.o[0m
[2.645s] [01m[K/home/amruth/Documents/git/ros_ws/WS/src/my_cpp_pkg/src/my_first_node.cpp:[m[K In constructor â€˜[01m[KAnimal::Animal(int)[m[Kâ€™:
[2.645s] [01m[K/home/amruth/Documents/git/ros_ws/WS/src/my_cpp_pkg/src/my_first_node.cpp:7:16:[m[K [01;35m[Kwarning: [m[Kunused parameter â€˜[01m[Kage[m[Kâ€™ [[01;35m[K]8;;https://gcc.gnu.org/onlinedocs/gcc/Warning-Options.html#index-Wunused-parameter-Wunused-parameter]8;;[m[K]
[2.645s]     7 |     Animal([01;35m[Kint age[m[K){};
[2.645s]       |            [01;35m[K~~~~^~~[m[K
[2.646s] [01m[K/home/amruth/Documents/git/ros_ws/WS/src/my_cpp_pkg/src/my_first_node.cpp:[m[K In function â€˜[01m[Kint main(int, char**)[m[Kâ€™:
[2.646s] [01m[K/home/amruth/Documents/git/ros_ws/WS/src/my_cpp_pkg/src/my_first_node.cpp:19:10:[m[K [01;31m[Kerror: [m[Kconflicting declaration â€˜[01m[Kauto node[m[Kâ€™
[2.646s]    19 |     auto [01;31m[Knode[m[K = make_shared<rclcpp::Node>("cpp_test_4");
[2.646s]       |          [01;31m[K^~~~[m[K
[2.646s] [01m[K/home/amruth/Documents/git/ros_ws/WS/src/my_cpp_pkg/src/my_first_node.cpp:13:10:[m[K [01;36m[Knote: [m[Kprevious declaration as â€˜[01m[Kstd::shared_ptr<rclcpp::Node> node[m[Kâ€™
[2.646s]    13 |     auto [01;36m[Knode[m[K = make_shared<rclcpp::Node>("cpp_test");
[2.646s]       |          [01;36m[K^~~~[m[K
[2.647s] [01m[K/home/amruth/Documents/git/ros_ws/WS/src/my_cpp_pkg/src/my_first_node.cpp:17:20:[m[K [01;35m[Kwarning: [m[Kunused variable â€˜[01m[Knode_3[m[Kâ€™ [[01;35m[K]8;;https://gcc.gnu.org/onlinedocs/gcc/Warning-Options.html#index-Wunused-variable-Wunused-variable]8;;[m[K]
[2.647s]    17 |     rclcpp::Node  *[01;35m[Knode_3[m[K = new rclcpp::Node("cpp_test_3");
[2.647s]       |                    [01;35m[K^~~~~~[m[K
[2.983s] gmake[2]: *** [CMakeFiles/cpp_node_1.dir/build.make:76: CMakeFiles/cpp_node_1.dir/src/my_first_node.cpp.o] Error 1
[2.983s] gmake[1]: *** [CMakeFiles/Makefile2:139: CMakeFiles/cpp_node_1.dir/all] Error 2
[2.983s] gmake[1]: *** Waiting for unfinished jobs....
[3.033s] [ 75%] [32m[1mLinking CXX executable cpp_node_2[0m
[3.144s] [ 75%] Built target cpp_node_2
[3.145s] gmake: *** [Makefile:146: all] Error 2
[3.149s] Invoked command in '/home/amruth/Documents/git/ros_ws/WS/build/my_cpp_pkg' returned '2': CMAKE_PREFIX_PATH=${CMAKE_PREFIX_PATH}:/home/amruth/Documents/git/ros_ws/WS/install/my_py_pkg:/home/amruth/Documents/git/microros_ws/install/sensor_msgs_py:/opt/ros/humble /usr/bin/cmake --build /home/amruth/Documents/git/ros_ws/WS/build/my_cpp_pkg -- -j16 -l16
