[0.135s] Invoking command in '/home/amruth/Documents/git/ros_ws/WS/build/my_cpp_pkg': CMAKE_PREFIX_PATH=${CMAKE_PREFIX_PATH}:/home/amruth/Documents/git/ros_ws/WS/install/my_py_pkg:/home/amruth/Documents/git/microros_ws/install/sensor_msgs_py:/opt/ros/humble /usr/bin/cmake --build /home/amruth/Documents/git/ros_ws/WS/build/my_cpp_pkg -- -j16 -l16
[0.195s] [35m[1mConsolidate compiler generated dependencies of target cpp_node_1[0m
[0.212s] [ 50%] [32mBuilding CXX object CMakeFiles/cpp_node_1.dir/src/my_first_node.cpp.o[0m
[1.956s] [01m[K/home/amruth/Documents/git/ros_ws/WS/src/my_cpp_pkg/src/my_first_node.cpp:[m[K In constructor â€˜[01m[KAnimal::Animal(int)[m[Kâ€™:
[1.956s] [01m[K/home/amruth/Documents/git/ros_ws/WS/src/my_cpp_pkg/src/my_first_node.cpp:7:16:[m[K [01;35m[Kwarning: [m[Kunused parameter â€˜[01m[Kage[m[Kâ€™ [[01;35m[K]8;;https://gcc.gnu.org/onlinedocs/gcc/Warning-Options.html#index-Wunused-parameter-Wunused-parameter]8;;[m[K]
[1.956s]     7 |     Animal([01;35m[Kint age[m[K){};
[1.956s]       |            [01;35m[K~~~~^~~[m[K
[1.956s] [01m[K/home/amruth/Documents/git/ros_ws/WS/src/my_cpp_pkg/src/my_first_node.cpp:[m[K In function â€˜[01m[Kint main(int, char**)[m[Kâ€™:
[1.957s] [01m[K/home/amruth/Documents/git/ros_ws/WS/src/my_cpp_pkg/src/my_first_node.cpp:19:10:[m[K [01;31m[Kerror: [m[Kconflicting declaration â€˜[01m[Kauto node[m[Kâ€™
[1.957s]    19 |     auto [01;31m[Knode[m[K = make_shared<rclcpp::Node>("cpp_test_4");
[1.957s]       |          [01;31m[K^~~~[m[K
[1.957s] [01m[K/home/amruth/Documents/git/ros_ws/WS/src/my_cpp_pkg/src/my_first_node.cpp:13:10:[m[K [01;36m[Knote: [m[Kprevious declaration as â€˜[01m[Kstd::shared_ptr<rclcpp::Node> node[m[Kâ€™
[1.957s]    13 |     auto [01;36m[Knode[m[K = make_shared<rclcpp::Node>("cpp_test");
[1.957s]       |          [01;36m[K^~~~[m[K
[1.958s] [01m[K/home/amruth/Documents/git/ros_ws/WS/src/my_cpp_pkg/src/my_first_node.cpp:17:20:[m[K [01;35m[Kwarning: [m[Kunused variable â€˜[01m[Knode_3[m[Kâ€™ [[01;35m[K]8;;https://gcc.gnu.org/onlinedocs/gcc/Warning-Options.html#index-Wunused-variable-Wunused-variable]8;;[m[K]
[1.958s]    17 |     rclcpp::Node  *[01;35m[Knode_3[m[K = new rclcpp::Node("cpp_test_3");
[1.958s]       |                    [01;35m[K^~~~~~[m[K
[2.296s] gmake[2]: *** [CMakeFiles/cpp_node_1.dir/build.make:76: CMakeFiles/cpp_node_1.dir/src/my_first_node.cpp.o] Error 1
[2.296s] gmake[1]: *** [CMakeFiles/Makefile2:137: CMakeFiles/cpp_node_1.dir/all] Error 2
[2.297s] gmake: *** [Makefile:146: all] Error 2
[2.299s] Invoked command in '/home/amruth/Documents/git/ros_ws/WS/build/my_cpp_pkg' returned '2': CMAKE_PREFIX_PATH=${CMAKE_PREFIX_PATH}:/home/amruth/Documents/git/ros_ws/WS/install/my_py_pkg:/home/amruth/Documents/git/microros_ws/install/sensor_msgs_py:/opt/ros/humble /usr/bin/cmake --build /home/amruth/Documents/git/ros_ws/WS/build/my_cpp_pkg -- -j16 -l16
