[  1%] Built target tutorial_interfaces_cpp__cpp
[ 10%] Built target tutorial_interfaces_cpp__rosidl_generator_c
[ 10%] Built target ament_cmake_python_copy_tutorial_interfaces_cpp
[ 27%] Built target tutorial_interfaces_cpp__rosidl_typesupport_cpp
[ 27%] Built target tutorial_interfaces_cpp__rosidl_typesupport_microxrcedds_cpp
[ 35%] Built target tutorial_interfaces_cpp__rosidl_typesupport_fastrtps_cpp
[ 44%] Built target tutorial_interfaces_cpp__rosidl_typesupport_microxrcedds_c
[ 52%] Built target tutorial_interfaces_cpp__rosidl_typesupport_c
[ 61%] Built target tutorial_interfaces_cpp__rosidl_typesupport_introspection_c
[ 69%] Built target tutorial_interfaces_cpp__rosidl_typesupport_introspection_cpp
[ 77%] Built target tutorial_interfaces_cpp__rosidl_typesupport_fastrtps_c
[ 77%] Built target tutorial_interfaces_cpp
[ 79%] [34m[1mGenerating Python code for ROS interfaces[0m
Error processing idl file: /home/amruth/Documents/git/ros_ws/WS/build/tutorial_interfaces_cpp/rosidl_adapter/tutorial_interfaces_cpp/msg/Num.idl
Traceback (most recent call last):
  File "/opt/ros/humble/share/rosidl_generator_py/cmake/../../../lib/rosidl_generator_py/rosidl_generator_py", line 40, in <module>
    sys.exit(main())
             ^^^^^^
  File "/opt/ros/humble/share/rosidl_generator_py/cmake/../../../lib/rosidl_generator_py/rosidl_generator_py", line 36, in main
    generate_py(args.generator_arguments_file, args.typesupport_impls.split(';'))
  File "/opt/ros/humble/local/lib/python3.10/dist-packages/rosidl_generator_py/generate_py_impl.py", line 61, in generate_py
    generated_files = generate_files(generator_arguments_file, mapping)
                      ^^^^^^^^^^^^^^^^^^^^^^^^^^^^^^^^^^^^^^^^^^^^^^^^^
  File "/opt/ros/humble/local/lib/python3.10/dist-packages/rosidl_cmake/__init__.py", line 96, in generate_files
    raise(e)
  File "/opt/ros/humble/local/lib/python3.10/dist-packages/rosidl_cmake/__init__.py", line 87, in generate_files
    expand_template(
  File "/opt/ros/humble/local/lib/python3.10/dist-packages/rosidl_cmake/__init__.py", line 128, in expand_template
    interpreter = em.Interpreter(
                  ^^^^^^^^^^^^^^^
  File "/home/amruth/miniconda3/lib/python3.11/site-packages/em.py", line 4103, in __init__
    raise CompatibilityError("unrecognized Interpreter constructor keyword arguments; when calling expand, use locals dictionary instead of keywords: %s" % keys, keys=keys)
em.CompatibilityError: unrecognized Interpreter constructor keyword arguments; when calling expand, use locals dictionary instead of keywords: ['options']
running egg_info
writing tutorial_interfaces_cpp.egg-info/PKG-INFO
writing dependency_links to tutorial_interfaces_cpp.egg-info/dependency_links.txt
writing top-level names to tutorial_interfaces_cpp.egg-info/top_level.txt
reading manifest file 'tutorial_interfaces_cpp.egg-info/SOURCES.txt'
writing manifest file 'tutorial_interfaces_cpp.egg-info/SOURCES.txt'
gmake[2]: *** [tutorial_interfaces_cpp__py/CMakeFiles/tutorial_interfaces_cpp__py.dir/build.make:158: rosidl_generator_py/tutorial_interfaces_cpp/_tutorial_interfaces_cpp_s.ep.rosidl_typesupport_microxrcedds_c.c] Error 1
gmake[1]: *** [CMakeFiles/Makefile2:680: tutorial_interfaces_cpp__py/CMakeFiles/tutorial_interfaces_cpp__py.dir/all] Error 2
gmake[1]: *** Waiting for unfinished jobs....
[ 79%] Built target ament_cmake_python_build_tutorial_interfaces_cpp_egg
gmake: *** [Makefile:146: all] Error 2
