[  1%] Built target turtlesim__cpp
[  9%] Built target turtlesim__rosidl_generator_c
[  9%] Built target ament_cmake_python_copy_turtlesim
[ 17%] Built target turtlesim__rosidl_typesupport_cpp
[ 26%] Built target turtlesim__rosidl_typesupport_microxrcedds_cpp
[ 37%] Built target turtlesim__rosidl_typesupport_fastrtps_cpp
[ 42%] Built target turtlesim__rosidl_typesupport_c
[ 50%] Built target turtlesim__rosidl_typesupport_introspection_c
[ 59%] Built target turtlesim__rosidl_typesupport_microxrcedds_c
[ 67%] Built target turtlesim__rosidl_typesupport_introspection_cpp
[ 75%] Built target turtlesim__rosidl_typesupport_fastrtps_c
[ 77%] Built target mimic
[ 78%] Built target turtle_teleop_key
[ 79%] Built target turtlesim
[ 79%] Built target draw_square
[ 84%] Built target turtlesim_node
[ 85%] [34m[1mGenerating Python code for ROS interfaces[0m
Error processing idl file: /home/amruth/Documents/git/ros_ws/WS/build/turtlesim/rosidl_adapter/turtlesim/action/RotateAbsolute.idl
Traceback (most recent call last):
  File "/opt/ros/humble/share/rosidl_generator_py/cmake/../../../lib/rosidl_generator_py/rosidl_generator_py", line 40, in <module>
    sys.exit(main())
             ^^^^^^
  File "/opt/ros/humble/share/rosidl_generator_py/cmake/../../../lib/rosidl_generator_py/rosidl_generator_py", line 36, in main
    generate_py(args.generator_arguments_file, args.typesupport_impls.split(';'))
  File "/opt/ros/humble/local/lib/python3.10/dist-packages/rosidl_generator_py/generate_py_impl.py", line 61, in generate_py
    generated_files = generate_files(generator_arguments_file, mapping)
                      ^^^^^^^^^^^^^^^^^^^^^^^^^^^^^^^^^^^^^^^^^^^^^^^^^
  File "/opt/ros/humble/local/lib/python3.10/dist-packages/rosidl_cmake/__init__.py", line 96, in generate_files
    raise(e)
  File "/opt/ros/humble/local/lib/python3.10/dist-packages/rosidl_cmake/__init__.py", line 87, in generate_files
    expand_template(
  File "/opt/ros/humble/local/lib/python3.10/dist-packages/rosidl_cmake/__init__.py", line 131, in expand_template
    em.BUFFERED_OPT: True,
    ^^^^^^^^^^^^^^^
AttributeError: module 'em' has no attribute 'BUFFERED_OPT'
running egg_info
writing turtlesim.egg-info/PKG-INFO
writing dependency_links to turtlesim.egg-info/dependency_links.txt
writing top-level names to turtlesim.egg-info/top_level.txt
reading manifest file 'turtlesim.egg-info/SOURCES.txt'
writing manifest file 'turtlesim.egg-info/SOURCES.txt'
gmake[2]: *** [turtlesim__py/CMakeFiles/turtlesim__py.dir/build.make:122: rosidl_generator_py/turtlesim/_turtlesim_s.ep.rosidl_typesupport_microxrcedds_c.c] Error 1
gmake[1]: *** [CMakeFiles/Makefile2:796: turtlesim__py/CMakeFiles/turtlesim__py.dir/all] Error 2
gmake[1]: *** Waiting for unfinished jobs....
[ 85%] Built target ament_cmake_python_build_turtlesim_egg
gmake: *** [Makefile:146: all] Error 2
