In file included from [01m[K/opt/ros/humble/include/rclcpp/rclcpp/logging.hpp:24[m[K,
                 from [01m[K/opt/ros/humble/include/rclcpp/rclcpp/client.hpp:40[m[K,
                 from [01m[K/opt/ros/humble/include/rclcpp/rclcpp/callback_group.hpp:24[m[K,
                 from [01m[K/opt/ros/humble/include/rclcpp/rclcpp/any_executable.hpp:20[m[K,
                 from [01m[K/opt/ros/humble/include/rclcpp/rclcpp/memory_strategy.hpp:25[m[K,
                 from [01m[K/opt/ros/humble/include/rclcpp/rclcpp/memory_strategies.hpp:18[m[K,
                 from [01m[K/opt/ros/humble/include/rclcpp/rclcpp/executor_options.hpp:20[m[K,
                 from [01m[K/opt/ros/humble/include/rclcpp/rclcpp/executor.hpp:37[m[K,
                 from [01m[K/opt/ros/humble/include/rclcpp/rclcpp/executors/multi_threaded_executor.hpp:25[m[K,
                 from [01m[K/opt/ros/humble/include/rclcpp/rclcpp/executors.hpp:21[m[K,
                 from [01m[K/opt/ros/humble/include/rclcpp/rclcpp/rclcpp.hpp:155[m[K,
                 from [01m[K/home/amruth/Documents/git/ros_ws/WS/src/my_cpp_pkg/src/third_node.cpp:2[m[K:
[01m[K/home/amruth/Documents/git/ros_ws/WS/src/my_cpp_pkg/src/third_node.cpp:[m[K In constructor â€˜[01m[KMyNode::MyNode()[m[Kâ€™:
[01m[K/home/amruth/Documents/git/ros_ws/WS/src/my_cpp_pkg/src/third_node.cpp:10:13:[m[K [01;31m[Kerror: [m[Kexpected primary-expression before â€˜[01m[K)[m[Kâ€™ token
   10 |             [01;31m[KRCLCPP_INFO[m[K(this->get_logger()),"Hii");
      |             [01;31m[K^~~~~~~~~~~[m[K
[01m[K/home/amruth/Documents/git/ros_ws/WS/src/my_cpp_pkg/src/third_node.cpp:10:44:[m[K [01;31m[Kerror: [m[Kexpected â€˜[01m[K;[m[Kâ€™ before â€˜[01m[K,[m[Kâ€™ token
   10 |             RCLCPP_INFO(this->get_logger())[01;31m[K,[m[K"Hii");
      |                                            [01;31m[K^[m[K
[01m[K/home/amruth/Documents/git/ros_ws/WS/src/my_cpp_pkg/src/third_node.cpp:10:44:[m[K [01;31m[Kerror: [m[Kexpected primary-expression before â€˜[01m[K,[m[Kâ€™ token
gmake[2]: *** [CMakeFiles/cpp_node_3.dir/build.make:76: CMakeFiles/cpp_node_3.dir/src/third_node.cpp.o] Error 1
gmake[1]: *** [CMakeFiles/Makefile2:193: CMakeFiles/cpp_node_3.dir/all] Error 2
gmake: *** [Makefile:146: all] Error 2
