[0.144s] Invoking command in '/home/amruth/Documents/git/ros_ws/WS/build/my_cpp_pkg': CMAKE_PREFIX_PATH=${CMAKE_PREFIX_PATH}:/home/amruth/Documents/git/ros_ws/WS/install/my_py_pkg:/home/amruth/Documents/git/microros_ws/install/sensor_msgs_py:/opt/ros/humble /usr/bin/cmake --build /home/amruth/Documents/git/ros_ws/WS/build/my_cpp_pkg -- -j16 -l16
[0.203s] [ 16%] [32mBuilding CXX object CMakeFiles/cpp_node_3.dir/src/third_node.cpp.o[0m
[0.206s] [ 50%] Built target cpp_node_1
[0.208s] [ 83%] Built target cpp_node_2
[0.235s] [01m[K/home/amruth/Documents/git/ros_ws/WS/src/my_cpp_pkg/src/third_node.cpp:2:10:[m[K [01;31m[Kfatal error: [m[Krclcpp/rclcpp.hpp: No such file or directory
[0.235s]     2 | #include [01;31m[K"rclcpp/rclcpp.hpp"[m[K
[0.235s]       |          [01;31m[K^~~~~~~~~~~~~~~~~~~[m[K
[0.235s] compilation terminated.
[0.237s] gmake[2]: *** [CMakeFiles/cpp_node_3.dir/build.make:76: CMakeFiles/cpp_node_3.dir/src/third_node.cpp.o] Error 1
[0.237s] gmake[1]: *** [CMakeFiles/Makefile2:193: CMakeFiles/cpp_node_3.dir/all] Error 2
[0.237s] gmake: *** [Makefile:146: all] Error 2
[0.450s] Invoked command in '/home/amruth/Documents/git/ros_ws/WS/build/my_cpp_pkg' returned '2': CMAKE_PREFIX_PATH=${CMAKE_PREFIX_PATH}:/home/amruth/Documents/git/ros_ws/WS/install/my_py_pkg:/home/amruth/Documents/git/microros_ws/install/sensor_msgs_py:/opt/ros/humble /usr/bin/cmake --build /home/amruth/Documents/git/ros_ws/WS/build/my_cpp_pkg -- -j16 -l16
