[35m[1mConsolidate compiler generated dependencies of target turtlesim__rosidl_generator_c[0m
[  1%] Built target turtlesim__cpp
[  9%] Built target turtlesim__rosidl_generator_c
[  9%] Built target ament_cmake_python_copy_turtlesim
[35m[1mConsolidate compiler generated dependencies of target turtlesim__rosidl_typesupport_cpp[0m
[35m[1mConsolidate compiler generated dependencies of target turtlesim__rosidl_typesupport_fastrtps_c[0m
[35m[1mConsolidate compiler generated dependencies of target turtlesim__rosidl_typesupport_introspection_cpp[0m
[35m[1mConsolidate compiler generated dependencies of target turtlesim__rosidl_typesupport_fastrtps_cpp[0m
[35m[1mConsolidate compiler generated dependencies of target turtlesim__rosidl_typesupport_introspection_c[0m
[35m[1mConsolidate compiler generated dependencies of target turtlesim__rosidl_typesupport_microxrcedds_c[0m
[35m[1mConsolidate compiler generated dependencies of target turtlesim__rosidl_typesupport_c[0m
[35m[1mConsolidate compiler generated dependencies of target turtlesim__rosidl_typesupport_microxrcedds_cpp[0m
[ 17%] Built target turtlesim__rosidl_typesupport_cpp
[ 33%] Built target turtlesim__rosidl_typesupport_c
[ 34%] Built target turtlesim__rosidl_typesupport_microxrcedds_c
[ 42%] Built target turtlesim__rosidl_typesupport_introspection_c
[ 50%] Built target turtlesim__rosidl_typesupport_introspection_cpp
[ 58%] Built target turtlesim__rosidl_typesupport_fastrtps_c
[ 67%] Built target turtlesim__rosidl_typesupport_fastrtps_cpp
[ 75%] Built target turtlesim__rosidl_typesupport_microxrcedds_cpp
[35m[1mConsolidate compiler generated dependencies of target draw_square[0m
[35m[1mConsolidate compiler generated dependencies of target mimic[0m
[35m[1mConsolidate compiler generated dependencies of target turtle_teleop_key[0m
[35m[1mConsolidate compiler generated dependencies of target turtlesim_node[0m
[ 76%] Built target draw_square
[ 78%] Built target mimic
[ 79%] Built target turtlesim
[ 79%] Built target turtle_teleop_key
[ 84%] Built target turtlesim_node
[ 85%] [34m[1mGenerating Python code for ROS interfaces[0m
Traceback (most recent call last):
  File "/opt/ros/humble/share/rosidl_generator_py/cmake/../../../lib/rosidl_generator_py/rosidl_generator_py", line 8, in <module>
    from rosidl_generator_py import generate_py
ImportError: cannot import name 'generate_py' from 'rosidl_generator_py' (/opt/ros/humble/local/lib/python3.10/dist-packages/rosidl_generator_py/__init__.py)
gmake[2]: *** [turtlesim__py/CMakeFiles/turtlesim__py.dir/build.make:122: rosidl_generator_py/turtlesim/_turtlesim_s.ep.rosidl_typesupport_microxrcedds_c.c] Error 1
gmake[1]: *** [CMakeFiles/Makefile2:796: turtlesim__py/CMakeFiles/turtlesim__py.dir/all] Error 2
gmake[1]: *** Waiting for unfinished jobs....
running egg_info
writing turtlesim.egg-info/PKG-INFO
writing dependency_links to turtlesim.egg-info/dependency_links.txt
writing top-level names to turtlesim.egg-info/top_level.txt
reading manifest file 'turtlesim.egg-info/SOURCES.txt'
writing manifest file 'turtlesim.egg-info/SOURCES.txt'
[ 85%] Built target ament_cmake_python_build_turtlesim_egg
gmake: *** [Makefile:146: all] Error 2
