[0.362s] Invoking command in '/home/amruth/Documents/git/ros_ws/WS/build/turtlesim': CMAKE_PREFIX_PATH=${CMAKE_PREFIX_PATH}:/home/amruth/Documents/git/ros_ws/WS/install/my_py_pkg:/home/amruth/Documents/git/microros_ws/install/sensor_msgs_py:/opt/ros/humble /usr/bin/cmake --build /home/amruth/Documents/git/ros_ws/WS/build/turtlesim -- -j16 -l16
[0.409s] [35m[1mConsolidate compiler generated dependencies of target turtlesim__rosidl_generator_c[0m
[0.422s] [  1%] Built target turtlesim__cpp
[0.424s] [  9%] Built target turtlesim__rosidl_generator_c
[0.428s] [  9%] Built target ament_cmake_python_copy_turtlesim
[0.436s] [35m[1mConsolidate compiler generated dependencies of target turtlesim__rosidl_typesupport_cpp[0m
[0.438s] [35m[1mConsolidate compiler generated dependencies of target turtlesim__rosidl_typesupport_fastrtps_c[0m
[0.439s] [35m[1mConsolidate compiler generated dependencies of target turtlesim__rosidl_typesupport_introspection_cpp[0m
[0.439s] [35m[1mConsolidate compiler generated dependencies of target turtlesim__rosidl_typesupport_fastrtps_cpp[0m
[0.440s] [35m[1mConsolidate compiler generated dependencies of target turtlesim__rosidl_typesupport_introspection_c[0m
[0.440s] [35m[1mConsolidate compiler generated dependencies of target turtlesim__rosidl_typesupport_microxrcedds_c[0m
[0.441s] [35m[1mConsolidate compiler generated dependencies of target turtlesim__rosidl_typesupport_c[0m
[0.443s] [35m[1mConsolidate compiler generated dependencies of target turtlesim__rosidl_typesupport_microxrcedds_cpp[0m
[0.456s] [ 17%] Built target turtlesim__rosidl_typesupport_cpp
[0.458s] [ 33%] Built target turtlesim__rosidl_typesupport_c
[0.458s] [ 34%] Built target turtlesim__rosidl_typesupport_microxrcedds_c
[0.458s] [ 42%] Built target turtlesim__rosidl_typesupport_introspection_c
[0.463s] [ 50%] Built target turtlesim__rosidl_typesupport_introspection_cpp
[0.465s] [ 58%] Built target turtlesim__rosidl_typesupport_fastrtps_c
[0.469s] [ 67%] Built target turtlesim__rosidl_typesupport_fastrtps_cpp
[0.469s] [ 75%] Built target turtlesim__rosidl_typesupport_microxrcedds_cpp
[0.470s] [35m[1mConsolidate compiler generated dependencies of target draw_square[0m
[0.472s] [35m[1mConsolidate compiler generated dependencies of target mimic[0m
[0.472s] [35m[1mConsolidate compiler generated dependencies of target turtle_teleop_key[0m
[0.477s] [35m[1mConsolidate compiler generated dependencies of target turtlesim_node[0m
[0.490s] [ 76%] Built target draw_square
[0.493s] [ 78%] Built target mimic
[0.494s] [ 79%] Built target turtlesim
[0.495s] [ 79%] Built target turtle_teleop_key
[0.510s] [ 84%] Built target turtlesim_node
[0.518s] [ 85%] [34m[1mGenerating Python code for ROS interfaces[0m
[0.560s] Traceback (most recent call last):
[0.560s]   File "/opt/ros/humble/share/rosidl_generator_py/cmake/../../../lib/rosidl_generator_py/rosidl_generator_py", line 8, in <module>
[0.560s]     from rosidl_generator_py import generate_py
[0.560s] ImportError: cannot import name 'generate_py' from 'rosidl_generator_py' (/opt/ros/humble/local/lib/python3.10/dist-packages/rosidl_generator_py/__init__.py)
[0.569s] gmake[2]: *** [turtlesim__py/CMakeFiles/turtlesim__py.dir/build.make:122: rosidl_generator_py/turtlesim/_turtlesim_s.ep.rosidl_typesupport_microxrcedds_c.c] Error 1
[0.569s] gmake[1]: *** [CMakeFiles/Makefile2:796: turtlesim__py/CMakeFiles/turtlesim__py.dir/all] Error 2
[0.569s] gmake[1]: *** Waiting for unfinished jobs....
[0.725s] running egg_info
[0.726s] writing turtlesim.egg-info/PKG-INFO
[0.726s] writing dependency_links to turtlesim.egg-info/dependency_links.txt
[0.726s] writing top-level names to turtlesim.egg-info/top_level.txt
[0.729s] reading manifest file 'turtlesim.egg-info/SOURCES.txt'
[0.729s] writing manifest file 'turtlesim.egg-info/SOURCES.txt'
[0.760s] [ 85%] Built target ament_cmake_python_build_turtlesim_egg
[0.761s] gmake: *** [Makefile:146: all] Error 2
[0.763s] Invoked command in '/home/amruth/Documents/git/ros_ws/WS/build/turtlesim' returned '2': CMAKE_PREFIX_PATH=${CMAKE_PREFIX_PATH}:/home/amruth/Documents/git/ros_ws/WS/install/my_py_pkg:/home/amruth/Documents/git/microros_ws/install/sensor_msgs_py:/opt/ros/humble /usr/bin/cmake --build /home/amruth/Documents/git/ros_ws/WS/build/turtlesim -- -j16 -l16
