[  8%] Built target tutorial_interfaces_cpp__rosidl_generator_c
[ 10%] Built target tutorial_interfaces_cpp__cpp
[ 10%] Built target ament_cmake_python_copy_tutorial_interfaces_cpp
[ 18%] Built target tutorial_interfaces_cpp__rosidl_typesupport_introspection_c
[ 27%] Built target tutorial_interfaces_cpp__rosidl_typesupport_fastrtps_c
[ 44%] Built target tutorial_interfaces_cpp__rosidl_typesupport_c
[ 44%] Built target tutorial_interfaces_cpp__rosidl_typesupport_microxrcedds_cpp
[ 52%] Built target tutorial_interfaces_cpp__rosidl_typesupport_introspection_cpp
[ 61%] Built target tutorial_interfaces_cpp__rosidl_typesupport_fastrtps_cpp
[ 69%] Built target tutorial_interfaces_cpp__rosidl_typesupport_microxrcedds_c
[ 77%] Built target tutorial_interfaces_cpp__rosidl_typesupport_cpp
[ 77%] Built target tutorial_interfaces_cpp
[ 79%] [34m[1mGenerating Python code for ROS interfaces[0m
Traceback (most recent call last):
  File "/opt/ros/humble/share/rosidl_generator_py/cmake/../../../lib/rosidl_generator_py/rosidl_generator_py", line 8, in <module>
    from rosidl_generator_py import generate_py
ImportError: cannot import name 'generate_py' from 'rosidl_generator_py' (/opt/ros/humble/local/lib/python3.10/dist-packages/rosidl_generator_py/__init__.py)
gmake[2]: *** [tutorial_interfaces_cpp__py/CMakeFiles/tutorial_interfaces_cpp__py.dir/build.make:158: rosidl_generator_py/tutorial_interfaces_cpp/_tutorial_interfaces_cpp_s.ep.rosidl_typesupport_microxrcedds_c.c] Error 1
gmake[1]: *** [CMakeFiles/Makefile2:680: tutorial_interfaces_cpp__py/CMakeFiles/tutorial_interfaces_cpp__py.dir/all] Error 2
gmake[1]: *** Waiting for unfinished jobs....
running egg_info
writing tutorial_interfaces_cpp.egg-info/PKG-INFO
writing dependency_links to tutorial_interfaces_cpp.egg-info/dependency_links.txt
writing top-level names to tutorial_interfaces_cpp.egg-info/top_level.txt
reading manifest file 'tutorial_interfaces_cpp.egg-info/SOURCES.txt'
writing manifest file 'tutorial_interfaces_cpp.egg-info/SOURCES.txt'
[ 79%] Built target ament_cmake_python_build_tutorial_interfaces_cpp_egg
gmake: *** [Makefile:146: all] Error 2
