[01m[K/home/amruth/Documents/git/ros_ws/WS/src/my_cpp_pkg/src/third_node.cpp:2:10:[m[K [01;31m[Kfatal error: [m[Krclcpp/rclcpp.hpp: No such file or directory
    2 | #include [01;31m[K"rclcpp/rclcpp.hpp"[m[K
      |          [01;31m[K^~~~~~~~~~~~~~~~~~~[m[K
compilation terminated.
gmake[2]: *** [CMakeFiles/cpp_node_3.dir/build.make:76: CMakeFiles/cpp_node_3.dir/src/third_node.cpp.o] Error 1
gmake[1]: *** [CMakeFiles/Makefile2:193: CMakeFiles/cpp_node_3.dir/all] Error 2
gmake[1]: *** Waiting for unfinished jobs....
[01m[K/home/amruth/Documents/git/ros_ws/WS/src/my_cpp_pkg/src/second_node.cpp:14:5:[m[K [01;31m[Kerror: [m[Knon-static data member declared with placeholder â€˜[01m[Kauto[m[Kâ€™
   14 |     [01;31m[Kauto[m[K timer_call = this->create_wall_timer(std::chrono::milliseconds(1000), this->publish_data())
      |     [01;31m[K^~~~[m[K
gmake[2]: *** [CMakeFiles/cpp_node_2.dir/build.make:76: CMakeFiles/cpp_node_2.dir/src/second_node.cpp.o] Error 1
gmake[1]: *** [CMakeFiles/Makefile2:167: CMakeFiles/cpp_node_2.dir/all] Error 2
gmake: *** [Makefile:146: all] Error 2
