[0.217s] Invoking command in '/home/amruth/Documents/git/ros_ws/WS/build/tutorial_interfaces_cpp': CMAKE_PREFIX_PATH=${CMAKE_PREFIX_PATH}:/home/amruth/Documents/git/ros_ws/WS/install/py_srvcli:/home/amruth/Documents/git/ros_ws/WS/install/py_pubsub_2:/home/amruth/Documents/git/ros_ws/WS/install/py_pubsub:/home/amruth/Documents/git/ros_ws/WS/install/my_py_pkg_2:/home/amruth/Documents/git/ros_ws/WS/install/my_py_pkg:/home/amruth/Documents/git/microros_ws/install/sensor_msgs_py:/opt/ros/humble /usr/bin/cmake --build /home/amruth/Documents/git/ros_ws/WS/build/tutorial_interfaces_cpp -- -j16 -l16
[0.288s] [  8%] Built target tutorial_interfaces_cpp__rosidl_generator_c
[0.294s] [ 10%] Built target tutorial_interfaces_cpp__cpp
[0.302s] [ 10%] Built target ament_cmake_python_copy_tutorial_interfaces_cpp
[0.319s] [ 18%] Built target tutorial_interfaces_cpp__rosidl_typesupport_c
[0.320s] [ 27%] Built target tutorial_interfaces_cpp__rosidl_typesupport_microxrcedds_c
[0.326s] [ 35%] Built target tutorial_interfaces_cpp__rosidl_typesupport_introspection_c
[0.328s] [ 44%] Built target tutorial_interfaces_cpp__rosidl_typesupport_fastrtps_c
[0.329s] [ 52%] Built target tutorial_interfaces_cpp__rosidl_typesupport_introspection_cpp
[0.331s] [ 69%] Built target tutorial_interfaces_cpp__rosidl_typesupport_microxrcedds_cpp
[0.331s] [ 69%] Built target tutorial_interfaces_cpp__rosidl_typesupport_cpp
[0.332s] [ 77%] Built target tutorial_interfaces_cpp__rosidl_typesupport_fastrtps_cpp
[0.355s] [ 77%] Built target tutorial_interfaces_cpp
[0.380s] [ 79%] [34m[1mGenerating Python code for ROS interfaces[0m
[0.545s] TypeError when expanding '_idl.py.em' into '/home/amruth/Documents/git/ros_ws/WS/build/tutorial_interfaces_cpp/rosidl_generator_py/tutorial_interfaces_cpp/msg/_num.py': Interpreter.string() got multiple values for argument 'locals'
[0.546s] Error processing idl file: /home/amruth/Documents/git/ros_ws/WS/build/tutorial_interfaces_cpp/rosidl_adapter/tutorial_interfaces_cpp/msg/Num.idl
[0.546s] Traceback (most recent call last):
[0.546s]   File "/opt/ros/humble/share/rosidl_generator_py/cmake/../../../lib/rosidl_generator_py/rosidl_generator_py", line 40, in <module>
[0.546s]     sys.exit(main())
[0.546s]              ^^^^^^
[0.546s]   File "/opt/ros/humble/share/rosidl_generator_py/cmake/../../../lib/rosidl_generator_py/rosidl_generator_py", line 36, in main
[0.546s]     generate_py(args.generator_arguments_file, args.typesupport_impls.split(';'))
[0.546s]   File "/opt/ros/humble/local/lib/python3.10/dist-packages/rosidl_generator_py/generate_py_impl.py", line 61, in generate_py
[0.546s]     generated_files = generate_files(generator_arguments_file, mapping)
[0.546s]                       ^^^^^^^^^^^^^^^^^^^^^^^^^^^^^^^^^^^^^^^^^^^^^^^^^
[0.547s]   File "/opt/ros/humble/local/lib/python3.10/dist-packages/rosidl_cmake/__init__.py", line 96, in generate_files
[0.547s]     raise(e)
[0.547s]   File "/opt/ros/humble/local/lib/python3.10/dist-packages/rosidl_cmake/__init__.py", line 87, in generate_files
[0.547s]     expand_template(
[0.547s]   File "/opt/ros/humble/local/lib/python3.10/dist-packages/rosidl_cmake/__init__.py", line 149, in expand_template
[0.547s]     interpreter.string(template_content, template_path, locals=data)
[0.547s] TypeError: Interpreter.string() got multiple values for argument 'locals'
[0.567s] running egg_info
[0.568s] writing tutorial_interfaces_cpp.egg-info/PKG-INFO
[0.568s] writing dependency_links to tutorial_interfaces_cpp.egg-info/dependency_links.txt
[0.568s] writing top-level names to tutorial_interfaces_cpp.egg-info/top_level.txt
[0.570s] reading manifest file 'tutorial_interfaces_cpp.egg-info/SOURCES.txt'
[0.571s] gmake[2]: *** [tutorial_interfaces_cpp__py/CMakeFiles/tutorial_interfaces_cpp__py.dir/build.make:158: rosidl_generator_py/tutorial_interfaces_cpp/_tutorial_interfaces_cpp_s.ep.rosidl_typesupport_microxrcedds_c.c] Error 1
[0.571s] writing manifest file 'tutorial_interfaces_cpp.egg-info/SOURCES.txt'
[0.571s] gmake[1]: *** [CMakeFiles/Makefile2:680: tutorial_interfaces_cpp__py/CMakeFiles/tutorial_interfaces_cpp__py.dir/all] Error 2
[0.571s] gmake[1]: *** Waiting for unfinished jobs....
[0.603s] [ 79%] Built target ament_cmake_python_build_tutorial_interfaces_cpp_egg
[0.604s] gmake: *** [Makefile:146: all] Error 2
[0.606s] Invoked command in '/home/amruth/Documents/git/ros_ws/WS/build/tutorial_interfaces_cpp' returned '2': CMAKE_PREFIX_PATH=${CMAKE_PREFIX_PATH}:/home/amruth/Documents/git/ros_ws/WS/install/py_srvcli:/home/amruth/Documents/git/ros_ws/WS/install/py_pubsub_2:/home/amruth/Documents/git/ros_ws/WS/install/py_pubsub:/home/amruth/Documents/git/ros_ws/WS/install/my_py_pkg_2:/home/amruth/Documents/git/ros_ws/WS/install/my_py_pkg:/home/amruth/Documents/git/microros_ws/install/sensor_msgs_py:/opt/ros/humble /usr/bin/cmake --build /home/amruth/Documents/git/ros_ws/WS/build/tutorial_interfaces_cpp -- -j16 -l16
