[0.302s] Invoking command in '/home/amruth/Documents/git/ros_ws/WS/src/my_py_pkg': PYTEST_ADDOPTS=--tb=short --junit-xml=/home/amruth/Documents/git/ros_ws/WS/build/my_py_pkg/pytest.xml --junit-prefix=my_py_pkg -o cache_dir=/home/amruth/Documents/git/ros_ws/WS/build/my_py_pkg/.pytest_cache /usr/bin/python3 -m pytest
[0.559s] [1m============================= test session starts ==============================[0m
[0.559s] platform linux -- Python 3.10.6, pytest-6.2.5, py-1.10.0, pluggy-0.13.0
[0.562s] cachedir: /home/amruth/Documents/git/ros_ws/WS/build/my_py_pkg/.pytest_cache
[0.562s] rootdir: /home/amruth/Documents/git/ros_ws/WS/src/my_py_pkg
[0.563s] plugins: ament-lint-0.12.6, ament-copyright-0.12.6, ament-pep257-0.12.6, ament-flake8-0.12.6, launch-testing-1.0.4, launch-testing-ros-0.19.4, ament-xmllint-0.12.6, colcon-core-0.15.0, cov-3.0.0
[0.628s] [1mcollecting ... [0m[1m
[0.629s] collected 3 items                                                              [0m
[0.629s] 
[0.633s] test/test_copyright.py [33ms[0m[32m                                                 [ 33%][0m
[0.729s] test/test_flake8.py [31mF[0m[31m                                                    [ 66%][0m
[0.748s] test/test_pep257.py [32m.[0m[31m                                                    [100%][0m
[0.748s] 
[0.748s] =================================== FAILURES ===================================
[0.749s] [31m[1m_________________________________ test_flake8 __________________________________[0m
[0.749s] [1m[31mtest/test_flake8.py[0m:23: in test_flake8
[0.780s]     [94massert[39;49;00m rc == [94m0[39;49;00m, \
[0.780s] [1m[31mE   AssertionError: Found 22 code style errors / warnings:[0m
[0.780s] [1m[31mE     ./my_py_pkg/first_node.py:5:1: E302 expected 2 blank lines, found 1[0m
[0.780s] [1m[31mE     ./my_py_pkg/first_node.py:5:14: E251 unexpected spaces around keyword / parameter equals[0m
[0.780s] [1m[31mE     ./my_py_pkg/first_node.py:5:16: E251 unexpected spaces around keyword / parameter equals[0m
[0.780s] [1m[31mE     ./my_py_pkg/first_node.py:14:11: W292 no newline at end of file[0m
[0.780s] [1m[31mE     ./my_py_pkg/robot_news_station.py:5:1: E302 expected 2 blank lines, found 1[0m
[0.780s] [1m[31mE     ./my_py_pkg/robot_news_station.py:10:1: E302 expected 2 blank lines, found 1[0m
[0.780s] [1m[31mE     ./my_py_pkg/robot_news_station.py:10:14: E251 unexpected spaces around keyword / parameter equals[0m
[0.780s] [1m[31mE     ./my_py_pkg/robot_news_station.py:10:16: E251 unexpected spaces around keyword / parameter equals[0m
[0.781s] [1m[31mE     ./my_py_pkg/robot_news_station.py:16:1: E305 expected 2 blank lines after class or function definition, found 1[0m
[0.781s] [1m[31mE     ./my_py_pkg/robot_news_station.py:17:11: W292 no newline at end of file[0m
[0.781s] [1m[31mE     ./my_py_pkg/second_node.py:6:1: E302 expected 2 blank lines, found 1[0m
[0.781s] [1m[31mE     ./my_py_pkg/second_node.py:12:53: E231 missing whitespace after ','[0m
[0.781s] [1m[31mE     ./my_py_pkg/second_node.py:13:30: E231 missing whitespace after ','[0m
[0.781s] [1m[31mE     ./my_py_pkg/second_node.py:14:1: W293 blank line contains whitespace[0m
[0.781s] [1m[31mE     ./my_py_pkg/second_node.py:16:21: E225 missing whitespace around operator[0m
[0.781s] [1m[31mE     ./my_py_pkg/second_node.py:20:14: E251 unexpected spaces around keyword / parameter equals[0m
[0.781s] [1m[31mE     ./my_py_pkg/second_node.py:20:16: E251 unexpected spaces around keyword / parameter equals[0m
[0.781s] [1m[31mE     ./my_py_pkg/second_node.py:21:20: E251 unexpected spaces around keyword / parameter equals[0m
[0.781s] [1m[31mE     ./my_py_pkg/second_node.py:21:22: E251 unexpected spaces around keyword / parameter equals[0m
[0.781s] [1m[31mE     ./my_py_pkg/second_node.py:22:1: W293 blank line contains whitespace[0m
[0.781s] [1m[31mE     ./my_py_pkg/second_node.py:24:1: W293 blank line contains whitespace[0m
[0.781s] [1m[31mE     ./my_py_pkg/second_node.py:28:1: E305 expected 2 blank lines after class or function definition, found 1[0m
[0.781s] [1m[31mE   assert 1 == 0[0m
[0.781s] ----------------------------- Captured stdout call -----------------------------
[0.781s] 
[0.781s] ./my_py_pkg/first_node.py:5:1: E302 expected 2 blank lines, found 1
[0.781s] def main(args = None):
[0.781s] ^
[0.781s] 
[0.782s] ./my_py_pkg/first_node.py:5:14: E251 unexpected spaces around keyword / parameter equals
[0.782s] def main(args = None):
[0.782s]              ^
[0.782s] 
[0.782s] ./my_py_pkg/first_node.py:5:16: E251 unexpected spaces around keyword / parameter equals
[0.782s] def main(args = None):
[0.782s]                ^
[0.782s] 
[0.782s] ./my_py_pkg/first_node.py:14:11: W292 no newline at end of file
[0.782s]     main()          ^
[0.782s] 
[0.782s] ./my_py_pkg/robot_news_station.py:5:1: E302 expected 2 blank lines, found 1
[0.782s] class RobotNewsStation(Node):
[0.782s] ^
[0.782s] 
[0.782s] ./my_py_pkg/robot_news_station.py:10:1: E302 expected 2 blank lines, found 1
[0.782s] def main(args = None):
[0.782s] ^
[0.782s] 
[0.783s] ./my_py_pkg/robot_news_station.py:10:14: E251 unexpected spaces around keyword / parameter equals
[0.783s] def main(args = None):
[0.783s]              ^
[0.783s] 
[0.783s] ./my_py_pkg/robot_news_station.py:10:16: E251 unexpected spaces around keyword / parameter equals
[0.783s] def main(args = None):
[0.783s]                ^
[0.783s] 
[0.783s] ./my_py_pkg/robot_news_station.py:16:1: E305 expected 2 blank lines after class or function definition, found 1
[0.783s] if __name__ == "main":
[0.783s] ^
[0.783s] 
[0.783s] ./my_py_pkg/robot_news_station.py:17:11: W292 no newline at end of file
[0.783s]     main()          ^
[0.783s] 
[0.783s] ./my_py_pkg/second_node.py:6:1: E302 expected 2 blank lines, found 1
[0.783s] class My_Node(Node):
[0.783s] ^
[0.783s] 
[0.783s] ./my_py_pkg/second_node.py:12:53: E231 missing whitespace after ','
[0.784s]         self.get_logger().log("this is from the log",rclpy.logging.LoggingSeverity.ERROR)
[0.784s]                                                     ^
[0.784s] 
[0.784s] ./my_py_pkg/second_node.py:13:30: E231 missing whitespace after ','
[0.784s]         self.create_timer(1.0,self.timer_callback)
[0.784s]                              ^
[0.784s] 
[0.784s] ./my_py_pkg/second_node.py:14:1: W293 blank line contains whitespace
[0.784s]     
[0.784s] ^
[0.784s] 
[0.784s] ./my_py_pkg/second_node.py:16:21: E225 missing whitespace around operator
[0.784s]         self.counter+=1
[0.784s]                     ^
[0.784s] 
[0.784s] ./my_py_pkg/second_node.py:20:14: E251 unexpected spaces around keyword / parameter equals
[0.784s] def main(args = None):
[0.784s]              ^
[0.784s] 
[0.784s] ./my_py_pkg/second_node.py:20:16: E251 unexpected spaces around keyword / parameter equals
[0.784s] def main(args = None):
[0.785s]                ^
[0.785s] 
[0.785s] ./my_py_pkg/second_node.py:21:20: E251 unexpected spaces around keyword / parameter equals
[0.785s]     rclpy.init(args = args)
[0.785s]                    ^
[0.785s] 
[0.785s] ./my_py_pkg/second_node.py:21:22: E251 unexpected spaces around keyword / parameter equals
[0.785s]     rclpy.init(args = args)
[0.785s]                      ^
[0.785s] 
[0.785s] ./my_py_pkg/second_node.py:22:1: W293 blank line contains whitespace
[0.785s]     
[0.785s] ^
[0.785s] 
[0.785s] ./my_py_pkg/second_node.py:24:1: W293 blank line contains whitespace
[0.785s]     
[0.785s] ^
[0.785s] 
[0.785s] ./my_py_pkg/second_node.py:28:1: E305 expected 2 blank lines after class or function definition, found 1
[0.785s] if __name__ == ("__main__"):
[0.786s] ^
[0.786s] 
[0.786s] 1     E225 missing whitespace around operator
[0.786s] 2     E231 missing whitespace after ','
[0.786s] 8     E251 unexpected spaces around keyword / parameter equals
[0.786s] 4     E302 expected 2 blank lines, found 1
[0.786s] 2     E305 expected 2 blank lines after class or function definition, found 1
[0.786s] 2     W292 no newline at end of file
[0.786s] 3     W293 blank line contains whitespace
[0.786s] 
[0.786s] 8 files checked
[0.786s] 22 errors
[0.786s] 
[0.786s] 'E'-type errors: 17
[0.786s] 'W'-type errors: 5
[0.786s] 
[0.786s] Checked files:
[0.786s] 
[0.786s] * ./setup.py
[0.787s] * ./my_py_pkg/first_node.py
[0.787s] * ./my_py_pkg/__init__.py
[0.787s] * ./my_py_pkg/robot_news_station.py
[0.787s] * ./my_py_pkg/second_node.py
[0.787s] * ./test/test_flake8.py
[0.787s] * ./test/test_copyright.py
[0.787s] * ./test/test_pep257.py
[0.787s] ----------------------------- Captured stderr call -----------------------------
[0.787s] option --max-complexity: please update from optparse string `type=` to argparse callable `type=` -- this will be an error in the future
[0.787s] [33m=============================== warnings summary ===============================[0m
[0.787s] test/test_flake8.py::test_flake8
[0.787s] test/test_flake8.py::test_flake8
[0.787s]   Warning: SelectableGroups dict interface is deprecated. Use select.
[0.787s] 
[0.787s] -- Docs: https://docs.pytest.org/en/stable/warnings.html
[0.787s] - generated xml file: /home/amruth/Documents/git/ros_ws/WS/build/my_py_pkg/pytest.xml -
[0.787s] =========================== short test summary info ============================
[0.787s] FAILED test/test_flake8.py::test_flake8 - AssertionError: Found 22 code style...
[0.787s] [31m============== [31m[1m1 failed[0m, [32m1 passed[0m, [33m1 skipped[0m, [33m2 warnings[0m[31m in 0.22s[0m[31m ==============[0m
[0.858s] Invoked command in '/home/amruth/Documents/git/ros_ws/WS/src/my_py_pkg' returned '1': PYTEST_ADDOPTS=--tb=short --junit-xml=/home/amruth/Documents/git/ros_ws/WS/build/my_py_pkg/pytest.xml --junit-prefix=my_py_pkg -o cache_dir=/home/amruth/Documents/git/ros_ws/WS/build/my_py_pkg/.pytest_cache /usr/bin/python3 -m pytest
